[2024-11-27 19:13:53] [INFO] Starting application deployment...
[2024-11-27 19:13:55] [INFO] Checking port 3000 for API Server...
[2024-11-27 19:13:55] [INFO] Checking port 3001 for WebRTC Signaling...
[2024-11-27 19:13:55] [INFO] Checking port 8502 for Streamlit...
[2024-11-27 19:13:55] [INFO] Starting API Server on port 3000...
[2024-11-27 19:13:55] [INFO] Waiting for API Server to be ready on port 3000...
[2024-11-27 19:14:50] [ERROR] Service WebRTC Signaling failed: Service stopped unexpectedly
[2024-11-27 19:14:50] [INFO] Cleaning up services... Reason: Error in WebRTC Signaling
[2024-11-27 19:16:24] [INFO] Starting application deployment...
[2024-11-27 19:16:26] [INFO] Checking port 3000 for API Server...
[2024-11-27 19:16:26] [INFO] Checking port 3001 for WebRTC Signaling...
[2024-11-27 19:16:26] [INFO] Checking port 8502 for Streamlit...
[2024-11-27 19:16:26] [INFO] Starting API Server on port 3000...
[2024-11-27 19:16:26] [INFO] Waiting for API Server to be ready on port 3000...
[2024-11-27 19:17:08] [ERROR] Service WebRTC Signaling failed: Service stopped unexpectedly
[2024-11-27 19:17:08] [INFO] Cleaning up services... Reason: Error in WebRTC Signaling
[2024-11-27 19:25:48] [INFO] Starting application deployment...
[2024-11-27 19:25:50] [INFO] Checking port 3000 for API Server...
[2024-11-27 19:25:50] [INFO] Checking port 3001 for WebRTC Signaling...
[2024-11-27 19:25:50] [INFO] Checking port 8502 for Streamlit...
[2024-11-27 19:25:50] [INFO] Starting API Server on port 3000...
[2024-11-27 19:25:50] [INFO] Waiting for API Server to be ready on port 3000...
[2024-11-27 19:26:20] [ERROR] Service API Server failed: Failed to start after 30 attempts
[2024-11-27 19:26:20] [INFO] Cleaning up services... Reason: Error in API Server
[2024-11-27 19:29:53] [INFO] Starting application deployment...
[2024-11-27 19:29:55] [INFO] Checking port 3000 for API Server...
[2024-11-27 19:29:55] [INFO] Checking port 3001 for WebRTC Signaling...
[2024-11-27 19:29:55] [INFO] Checking port 8502 for Streamlit...
[2024-11-27 19:29:55] [INFO] Starting API Server on port 3000...
[2024-11-27 19:29:55] [INFO] Waiting for API Server to be ready on port 3000...
[2024-11-27 19:30:24] [ERROR] Service API Server failed: Failed to start after 30 attempts
[2024-11-27 19:30:24] [INFO] Cleaning up services... Reason: Error in API Server
[2024-11-27 19:37:45] [INFO] Starting application deployment...
[2024-11-27 19:37:48] [INFO] Checking port 3000 for API Server...
[2024-11-27 19:37:48] [INFO] Checking port 3001 for WebRTC Signaling...
[2024-11-27 19:37:48] [INFO] Checking port 8502 for Streamlit...
[2024-11-27 19:37:48] [INFO] Starting API Server on port 3000...
[2024-11-27 19:37:48] [INFO] Waiting for API Server to be ready on port 3000...
[2024-11-27 19:38:17] [ERROR] Service API Server failed: Failed to start after 30 attempts
[2024-11-27 19:38:17] [INFO] Cleaning up services... Reason: Error in API Server
